[debug] [2021-05-02T11:21:39.360Z] ----------------------------------------------------------------------
[debug] [2021-05-02T11:21:39.362Z] Command:       /usr/local/bin/firebase /home/tashpjak/.cache/firebase/tools/lib/node_modules/firebase-tools/lib/bin/firebase serve -o 0.0.0.0 -p 5001
[debug] [2021-05-02T11:21:39.363Z] CLI Version:   9.3.0
[debug] [2021-05-02T11:21:39.363Z] Platform:      linux
[debug] [2021-05-02T11:21:39.363Z] Node Version:  v12.18.1
[debug] [2021-05-02T11:21:39.363Z] Time:          Sun May 02 2021 13:21:39 GMT+0200 (Central European Summer Time)
[debug] [2021-05-02T11:21:39.363Z] ----------------------------------------------------------------------
[debug] [2021-05-02T11:21:39.364Z] 
[debug] [2021-05-02T11:21:39.366Z] >>> [apiv2][query] GET https://firebase-public.firebaseio.com/cli.json [none]
[debug] [2021-05-02T11:21:39.383Z] > command requires scopes: ["email","openid","https://www.googleapis.com/auth/cloudplatformprojects.readonly","https://www.googleapis.com/auth/firebase","https://www.googleapis.com/auth/cloud-platform"]
[debug] [2021-05-02T11:21:39.384Z] > authorizing via signed-in user
[debug] [2021-05-02T11:21:39.384Z] [iam] checking project pet-finder-65822 for permissions ["firebase.projects.get"]
[debug] [2021-05-02T11:21:39.386Z] > refreshing access token with scopes: ["email","https://www.googleapis.com/auth/cloud-platform","https://www.googleapis.com/auth/cloudplatformprojects.readonly","https://www.googleapis.com/auth/firebase","openid"]
[debug] [2021-05-02T11:21:39.386Z] >>> HTTP REQUEST POST https://www.googleapis.com/oauth2/v3/token  
 <request body omitted>
[debug] [2021-05-02T11:21:39.482Z] <<< HTTP RESPONSE 200 {"cache-control":"no-cache, no-store, max-age=0, must-revalidate","pragma":"no-cache","expires":"Mon, 01 Jan 1990 00:00:00 GMT","date":"Sun, 02 May 2021 11:21:39 GMT","content-type":"application/json; charset=utf-8","vary":"X-Origin, Referer, Origin,Accept-Encoding","server":"scaffolding on HTTPServer2","x-xss-protection":"0","x-frame-options":"SAMEORIGIN","x-content-type-options":"nosniff","alt-svc":"h3-29=\":443\"; ma=2592000,h3-T051=\":443\"; ma=2592000,h3-Q050=\":443\"; ma=2592000,h3-Q046=\":443\"; ma=2592000,h3-Q043=\":443\"; ma=2592000,quic=\":443\"; ma=2592000; v=\"46,43\"","accept-ranges":"none","transfer-encoding":"chunked"}
[debug] [2021-05-02T11:21:39.536Z] >>> HTTP REQUEST POST https://cloudresourcemanager.googleapis.com/v1/projects/pet-finder-65822:testIamPermissions  
 {"permissions":["firebase.projects.get"]}
[debug] [2021-05-02T11:21:39.855Z] <<< [apiv2][status] GET https://firebase-public.firebaseio.com/cli.json 200
[debug] [2021-05-02T11:21:39.856Z] <<< [apiv2][body] GET https://firebase-public.firebaseio.com/cli.json {"cloudBuildErrorAfter":1594252800000,"cloudBuildWarnAfter":1590019200000,"defaultNode10After":1594252800000,"minVersion":"3.0.5","node8DeploysDisabledAfter":1613390400000,"node8RuntimeDisabledAfter":1615809600000,"node8WarnAfter":1600128000000}
[debug] [2021-05-02T11:21:40.365Z] <<< HTTP RESPONSE 200 {"content-type":"application/json; charset=UTF-8","vary":"X-Origin, Referer, Origin,Accept-Encoding","date":"Sun, 02 May 2021 11:21:40 GMT","server":"ESF","cache-control":"private","x-xss-protection":"0","x-frame-options":"SAMEORIGIN","x-content-type-options":"nosniff","server-timing":"gfet4t7; dur=671","alt-svc":"h3-29=\":443\"; ma=2592000,h3-T051=\":443\"; ma=2592000,h3-Q050=\":443\"; ma=2592000,h3-Q046=\":443\"; ma=2592000,h3-Q043=\":443\"; ma=2592000,quic=\":443\"; ma=2592000; v=\"46,43\"","accept-ranges":"none","transfer-encoding":"chunked"}
[debug] [2021-05-02T11:21:40.366Z] > refreshing access token with scopes: []
[debug] [2021-05-02T11:21:40.367Z] >>> HTTP REQUEST POST https://www.googleapis.com/oauth2/v3/token  
 <request body omitted>
[debug] [2021-05-02T11:21:40.458Z] <<< HTTP RESPONSE 200 {"cache-control":"no-cache, no-store, max-age=0, must-revalidate","expires":"Mon, 01 Jan 1990 00:00:00 GMT","pragma":"no-cache","date":"Sun, 02 May 2021 11:21:40 GMT","content-type":"application/json; charset=utf-8","vary":"X-Origin, Referer, Origin,Accept-Encoding","server":"scaffolding on HTTPServer2","x-xss-protection":"0","x-frame-options":"SAMEORIGIN","x-content-type-options":"nosniff","alt-svc":"h3-29=\":443\"; ma=2592000,h3-T051=\":443\"; ma=2592000,h3-Q050=\":443\"; ma=2592000,h3-Q046=\":443\"; ma=2592000,h3-Q043=\":443\"; ma=2592000,quic=\":443\"; ma=2592000; v=\"46,43\"","accept-ranges":"none","transfer-encoding":"chunked"}
[debug] [2021-05-02T11:21:40.490Z] >>> [apiv2][query] GET https://firebase.googleapis.com/v1beta1/projects/pet-finder-65822 [none]
[debug] [2021-05-02T11:21:40.778Z] <<< [apiv2][status] GET https://firebase.googleapis.com/v1beta1/projects/pet-finder-65822 200
[debug] [2021-05-02T11:21:40.778Z] <<< [apiv2][body] GET https://firebase.googleapis.com/v1beta1/projects/pet-finder-65822 {"projectId":"pet-finder-65822","projectNumber":"663222435357","displayName":"pet-sitter","name":"projects/pet-finder-65822","resources":{"hostingSite":"pet-finder-65822","storageBucket":"pet-finder-65822.appspot.com","locationId":"europe-west"},"state":"ACTIVE"}
[info] 
[info] === Serving from '/home/tashpjak/Projects/PetSitter'...
[info] 
[warn] ⚠  Your requested "node" version "14" doesn't match your global version "12" {"metadata":{"emulator":{"name":"functions"},"message":"Your requested \"node\" version \"14\" doesn't match your global version \"12\""}}
[debug] [2021-05-02T11:21:40.811Z] defaultcredentials: writing to file /home/tashpjak/.config/firebase/tashpulatov_jakhongir_gmail.com_application_default_credentials.json
[debug] [2021-05-02T11:21:40.812Z] Setting GAC to /home/tashpjak/.config/firebase/tashpulatov_jakhongir_gmail.com_application_default_credentials.json {"metadata":{"emulator":{"name":"functions"},"message":"Setting GAC to /home/tashpjak/.config/firebase/tashpulatov_jakhongir_gmail.com_application_default_credentials.json"}}
[debug] [2021-05-02T11:21:40.813Z] >>> [apiv2][query] GET https://firebase.googleapis.com/v1beta1/projects/pet-finder-65822/adminSdkConfig [none]
[debug] [2021-05-02T11:21:45.102Z] <<< [apiv2][status] GET https://firebase.googleapis.com/v1beta1/projects/pet-finder-65822/adminSdkConfig 200
[debug] [2021-05-02T11:21:45.102Z] <<< [apiv2][body] GET https://firebase.googleapis.com/v1beta1/projects/pet-finder-65822/adminSdkConfig {"projectId":"pet-finder-65822","storageBucket":"pet-finder-65822.appspot.com","locationId":"europe-west"}
[info] i  functions: Watching "/home/tashpjak/Projects/PetSitter/functions" for Cloud Functions... {"metadata":{"emulator":{"name":"functions"},"message":"Watching \"/home/tashpjak/Projects/PetSitter/functions\" for Cloud Functions..."}}
[debug] [2021-05-02T11:21:45.133Z] [worker-pool] addWorker(~diagnostic~) {"metadata":{"emulator":{"name":"functions"},"message":"[worker-pool] addWorker(~diagnostic~)"}}
[debug] [2021-05-02T11:21:45.134Z] [worker-pool] Adding worker with key ~diagnostic~, total=1 {"metadata":{"emulator":{"name":"functions"},"message":"[worker-pool] Adding worker with key ~diagnostic~, total=1"}}
[debug] [2021-05-02T11:21:45.134Z] [worker-pool] submitWork(triggerId=) {"metadata":{"emulator":{"name":"functions"},"message":"[worker-pool] submitWork(triggerId=)"}}
[debug] [2021-05-02T11:21:45.134Z] [worker-~diagnostic~-a1e7770f-a6ac-4012-b11b-2fb93be44eb3]: Assigning socketPath: /tmp/fire_emu_539931.sock {"metadata":{"emulator":{"name":"functions"},"message":"[worker-~diagnostic~-a1e7770f-a6ac-4012-b11b-2fb93be44eb3]: Assigning socketPath: /tmp/fire_emu_539931.sock"}}
[debug] [2021-05-02T11:21:45.135Z] [worker-~diagnostic~-a1e7770f-a6ac-4012-b11b-2fb93be44eb3]: BUSY {"metadata":{"emulator":{"name":"functions"},"message":"[worker-~diagnostic~-a1e7770f-a6ac-4012-b11b-2fb93be44eb3]: BUSY"}}
[debug] [2021-05-02T11:21:45.399Z] [runtime-status] [539931] Functions runtime initialized. {"cwd":"/home/tashpjak/Projects/PetSitter/functions","node_version":"12.18.1"} {"metadata":{"emulator":{"name":"functions"},"message":"[runtime-status] [539931] Functions runtime initialized. {\"cwd\":\"/home/tashpjak/Projects/PetSitter/functions\",\"node_version\":\"12.18.1\"}"}}
[debug] [2021-05-02T11:21:45.401Z] [runtime-status] [539931] Disabled runtime features: undefined {"metadata":{"emulator":{"name":"functions"},"message":"[runtime-status] [539931] Disabled runtime features: undefined"}}
[debug] [2021-05-02T11:21:45.405Z] [runtime-status] [539931] Resolved module firebase-admin {"declared":true,"installed":true,"version":"9.6.0","resolution":"/home/tashpjak/Projects/PetSitter/functions/node_modules/firebase-admin/lib/index.js"} {"metadata":{"emulator":{"name":"functions"},"message":"[runtime-status] [539931] Resolved module firebase-admin {\"declared\":true,\"installed\":true,\"version\":\"9.6.0\",\"resolution\":\"/home/tashpjak/Projects/PetSitter/functions/node_modules/firebase-admin/lib/index.js\"}"}}
[debug] [2021-05-02T11:21:45.407Z] [runtime-status] [539931] Resolved module firebase-functions {"declared":true,"installed":true,"version":"3.13.2","resolution":"/home/tashpjak/Projects/PetSitter/functions/node_modules/firebase-functions/lib/index.js"} {"metadata":{"emulator":{"name":"functions"},"message":"[runtime-status] [539931] Resolved module firebase-functions {\"declared\":true,\"installed\":true,\"version\":\"3.13.2\",\"resolution\":\"/home/tashpjak/Projects/PetSitter/functions/node_modules/firebase-functions/lib/index.js\"}"}}
[debug] [2021-05-02T11:21:45.409Z] [runtime-status] [539931] Resolved module firebase-functions {"declared":true,"installed":true,"version":"3.13.2","resolution":"/home/tashpjak/Projects/PetSitter/functions/node_modules/firebase-functions/lib/index.js"} {"metadata":{"emulator":{"name":"functions"},"message":"[runtime-status] [539931] Resolved module firebase-functions {\"declared\":true,\"installed\":true,\"version\":\"3.13.2\",\"resolution\":\"/home/tashpjak/Projects/PetSitter/functions/node_modules/firebase-functions/lib/index.js\"}"}}
[debug] [2021-05-02T11:21:45.410Z] [runtime-status] [539931] Outgoing network have been stubbed. [{"name":"http","status":"mocked"},{"name":"http","status":"mocked"},{"name":"https","status":"mocked"},{"name":"https","status":"mocked"},{"name":"net","status":"mocked"}] {"metadata":{"emulator":{"name":"functions"},"message":"[runtime-status] [539931] Outgoing network have been stubbed. [{\"name\":\"http\",\"status\":\"mocked\"},{\"name\":\"http\",\"status\":\"mocked\"},{\"name\":\"https\",\"status\":\"mocked\"},{\"name\":\"https\",\"status\":\"mocked\"},{\"name\":\"net\",\"status\":\"mocked\"}]"}}
[debug] [2021-05-02T11:21:45.412Z] [runtime-status] [539931] Resolved module firebase-functions {"declared":true,"installed":true,"version":"3.13.2","resolution":"/home/tashpjak/Projects/PetSitter/functions/node_modules/firebase-functions/lib/index.js"} {"metadata":{"emulator":{"name":"functions"},"message":"[runtime-status] [539931] Resolved module firebase-functions {\"declared\":true,\"installed\":true,\"version\":\"3.13.2\",\"resolution\":\"/home/tashpjak/Projects/PetSitter/functions/node_modules/firebase-functions/lib/index.js\"}"}}
[debug] [2021-05-02T11:21:45.502Z] [runtime-status] [539931] Checked functions.config() {"config":{}} {"metadata":{"emulator":{"name":"functions"},"message":"[runtime-status] [539931] Checked functions.config() {\"config\":{}}"}}
[debug] [2021-05-02T11:21:45.503Z] [runtime-status] [539931] firebase-functions has been stubbed. {"functionsResolution":{"declared":true,"installed":true,"version":"3.13.2","resolution":"/home/tashpjak/Projects/PetSitter/functions/node_modules/firebase-functions/lib/index.js"}} {"metadata":{"emulator":{"name":"functions"},"message":"[runtime-status] [539931] firebase-functions has been stubbed. {\"functionsResolution\":{\"declared\":true,\"installed\":true,\"version\":\"3.13.2\",\"resolution\":\"/home/tashpjak/Projects/PetSitter/functions/node_modules/firebase-functions/lib/index.js\"}}"}}
[debug] [2021-05-02T11:21:45.504Z] [runtime-status] [539931] Resolved module firebase-functions {"declared":true,"installed":true,"version":"3.13.2","resolution":"/home/tashpjak/Projects/PetSitter/functions/node_modules/firebase-functions/lib/index.js"} {"metadata":{"emulator":{"name":"functions"},"message":"[runtime-status] [539931] Resolved module firebase-functions {\"declared\":true,\"installed\":true,\"version\":\"3.13.2\",\"resolution\":\"/home/tashpjak/Projects/PetSitter/functions/node_modules/firebase-functions/lib/index.js\"}"}}
[debug] [2021-05-02T11:21:45.505Z] [runtime-status] [539931] Resolved module firebase-admin {"declared":true,"installed":true,"version":"9.6.0","resolution":"/home/tashpjak/Projects/PetSitter/functions/node_modules/firebase-admin/lib/index.js"} {"metadata":{"emulator":{"name":"functions"},"message":"[runtime-status] [539931] Resolved module firebase-admin {\"declared\":true,\"installed\":true,\"version\":\"9.6.0\",\"resolution\":\"/home/tashpjak/Projects/PetSitter/functions/node_modules/firebase-admin/lib/index.js\"}"}}
[debug] [2021-05-02T11:21:45.506Z] [runtime-status] [539931] Resolved module firebase-functions {"declared":true,"installed":true,"version":"3.13.2","resolution":"/home/tashpjak/Projects/PetSitter/functions/node_modules/firebase-functions/lib/index.js"} {"metadata":{"emulator":{"name":"functions"},"message":"[runtime-status] [539931] Resolved module firebase-functions {\"declared\":true,\"installed\":true,\"version\":\"3.13.2\",\"resolution\":\"/home/tashpjak/Projects/PetSitter/functions/node_modules/firebase-functions/lib/index.js\"}"}}
[debug] [2021-05-02T11:21:45.506Z] [runtime-status] [539931] firebase-admin has been stubbed. {"adminResolution":{"declared":true,"installed":true,"version":"9.6.0","resolution":"/home/tashpjak/Projects/PetSitter/functions/node_modules/firebase-admin/lib/index.js"}} {"metadata":{"emulator":{"name":"functions"},"message":"[runtime-status] [539931] firebase-admin has been stubbed. {\"adminResolution\":{\"declared\":true,\"installed\":true,\"version\":\"9.6.0\",\"resolution\":\"/home/tashpjak/Projects/PetSitter/functions/node_modules/firebase-admin/lib/index.js\"}}"}}
[debug] [2021-05-02T11:21:45.508Z] [runtime-status] [539931] initializeApp(DEFAULT) {"storageBucket":"pet-finder-65822.appspot.com","projectId":"pet-finder-65822"} {"metadata":{"emulator":{"name":"functions"},"message":"[runtime-status] [539931] initializeApp(DEFAULT) {\"storageBucket\":\"pet-finder-65822.appspot.com\",\"projectId\":\"pet-finder-65822\"}"}}
[debug] [2021-05-02T11:21:45.511Z] [worker-~diagnostic~-a1e7770f-a6ac-4012-b11b-2fb93be44eb3]: IDLE {"metadata":{"emulator":{"name":"functions"},"message":"[worker-~diagnostic~-a1e7770f-a6ac-4012-b11b-2fb93be44eb3]: IDLE"}}
[info] ✔  functions[like]: http function initialized (http://0.0.0.0:5001/pet-finder-65822/us-central1/like). {"metadata":{"emulator":{"name":"functions"},"message":"\u001b[1mhttp\u001b[22m function initialized (http://0.0.0.0:5001/pet-finder-65822/us-central1/like)."}}
[info] ✔  functions[dislike]: http function initialized (http://0.0.0.0:5001/pet-finder-65822/us-central1/dislike). {"metadata":{"emulator":{"name":"functions"},"message":"\u001b[1mhttp\u001b[22m function initialized (http://0.0.0.0:5001/pet-finder-65822/us-central1/dislike)."}}
